<?xml version="1.0" encoding="UTF-8"?>
<!-- Generated by org.testng.reporters.JUnitXMLReporter -->
<testsuite hostname="LAPTOP-FMGTI7FP" ignored="0" name="Test2" tests="1" failures="1" timestamp="2023-07-17T09:24:01 IST" time="0.004" errors="0">
  <testcase name="clickononhome" time="0.004" classname="TestClasses.HomePageTestCases">
    <failure type="java.lang.NoSuchMethodError" message="org.openqa.selenium.support.PageFactory.initElements(Lorg/openqa/selenium/SearchContext;Ljava/lang/Object;)V">
      <![CDATA[java.lang.NoSuchMethodError: org.openqa.selenium.support.PageFactory.initElements(Lorg/openqa/selenium/SearchContext;Ljava/lang/Object;)V
at com.POM.HomePage_POM.<init>(HomePage_POM.java:25)
at TestClasses.HomePageTestCases.clickononhome(HomePageTestCases.java:21)
at java.util.ArrayList.forEach(ArrayList.java:1257)
... Removed 27 stack frames]]>
    </failure>
  </testcase> <!-- clickononhome -->
</testsuite> <!-- Test2 -->
