<?xml version="1.0" encoding="UTF-8"?>
<!-- Generated by org.testng.reporters.JUnitXMLReporter -->
<testsuite hostname="LAPTOP-FMGTI7FP" ignored="1" name="Test1" tests="1" failures="0" timestamp="2023-07-07T12:03:09 IST" time="21.329" errors="0">
  <testcase name="A_clickonlogin" time="15.429" classname="TestClasses.LoginTest"/>
  <testcase name="@BeforeSuite Startsetup" time="0.0" classname="com.Utility.BaseClass">
    <ignored/>
  </testcase> <!-- @BeforeSuite Startsetup -->
</testsuite> <!-- Test1 -->
